[2026-04-16T11:53:34.302Z] [INFO] Starting Kewer 3-Month Day-by-Day Simulation
[2026-04-16T11:53:34.309Z] [INFO] Configuration: 90 days, 2000ms per day
[2026-04-16T11:53:34.310Z] [INFO] Estimated total time: 3.00 minutes
[2026-04-16T11:53:36.081Z] [INFO] 
=== DAY 1 - 2026-04-17 ===
[2026-04-16T11:53:36.748Z] [INFO] Logging in as admin
[2026-04-16T11:53:38.180Z] [ERROR] Login failed for admin
[2026-04-16T11:53:38.182Z] [FIX] Attempting to fix error: page.fill is not a function
[2026-04-16T11:53:38.778Z] [ACTIVITY] admin: Daily operational review - {}
[2026-04-16T11:53:39.279Z] [INFO] Logging in as manager
[2026-04-16T11:53:40.308Z] [ERROR] Login failed for manager
[2026-04-16T11:53:40.308Z] [FIX] Attempting to fix error: page.fill is not a function
[2026-04-16T11:53:40.910Z] [ACTIVITY] manager: Cash reconciliation - {"kasFisik":10000000}
[2026-04-16T11:53:41.091Z] [ERROR] Cash reconciliation failed
[2026-04-16T11:53:41.092Z] [FIX] Attempting to fix error: SyntaxError: Failed to execute 'querySelector' on 'Document': 'button:has-text("Rekonsiliasi")' is not a valid selector.
[2026-04-16T11:53:41.092Z] [FIX] Selector not found, skipping this action
[2026-04-16T11:53:41.593Z] [INFO] Logging in as petugas
[2026-04-16T11:53:42.243Z] [ERROR] Login failed for petugas
[2026-04-16T11:53:42.243Z] [FIX] Attempting to fix error: page.fill is not a function
[2026-04-16T11:53:42.854Z] [ACTIVITY] petugas: Recording field activity - {"activityType":"kutip_angsuran","description":"Activity for day 1"}
[2026-04-16T11:53:43.033Z] [ERROR] Record field activity failed
[2026-04-16T11:53:43.036Z] [FIX] Attempting to fix error: SyntaxError: Failed to execute 'querySelector' on 'Document': 'button:has-text("Tambah Aktivitas")' is not a valid selector.
[2026-04-16T11:53:43.036Z] [FIX] Selector not found, skipping this action
[2026-04-16T11:53:43.539Z] [INFO] Logging in as karyawan
[2026-04-16T11:53:44.369Z] [ERROR] Login failed for karyawan
[2026-04-16T11:53:44.370Z] [FIX] Attempting to fix error: page.fill is not a function
[2026-04-16T11:53:44.964Z] [ACTIVITY] karyawan: Administrative support - {}
[2026-04-16T11:53:45.465Z] [SUCCESS] Day 1 simulation completed
[2026-04-16T11:53:47.489Z] [INFO] 
=== DAY 2 - 2026-04-18 ===
[2026-04-16T11:53:47.622Z] [INFO] Logging in as admin
[2026-04-16T11:53:48.659Z] [ERROR] Login failed for admin
[2026-04-16T11:53:48.660Z] [FIX] Attempting to fix error: page.fill is not a function
[2026-04-16T11:53:49.261Z] [ACTIVITY] admin: Daily operational review - {}
[2026-04-16T11:53:49.761Z] [INFO] Logging in as manager
[2026-04-16T11:53:50.788Z] [ERROR] Login failed for manager
[2026-04-16T11:53:50.790Z] [FIX] Attempting to fix error: page.fill is not a function
[2026-04-16T11:53:51.385Z] [ACTIVITY] manager: Cash reconciliation - {"kasFisik":10000000}
[2026-04-16T11:53:51.548Z] [ERROR] Cash reconciliation failed
[2026-04-16T11:53:51.548Z] [FIX] Attempting to fix error: SyntaxError: Failed to execute 'querySelector' on 'Document': 'button:has-text("Rekonsiliasi")' is not a valid selector.
[2026-04-16T11:53:51.551Z] [FIX] Selector not found, skipping this action
[2026-04-16T11:53:52.052Z] [INFO] Logging in as petugas
[2026-04-16T11:53:52.723Z] [ERROR] Login failed for petugas
[2026-04-16T11:53:52.723Z] [FIX] Attempting to fix error: page.fill is not a function
[2026-04-16T11:53:53.312Z] [ACTIVITY] petugas: Recording field activity - {"activityType":"kutip_angsuran","description":"Activity for day 2"}
[2026-04-16T11:53:53.446Z] [ERROR] Record field activity failed
[2026-04-16T11:53:53.446Z] [FIX] Attempting to fix error: SyntaxError: Failed to execute 'querySelector' on 'Document': 'button:has-text("Tambah Aktivitas")' is not a valid selector.
[2026-04-16T11:53:53.447Z] [FIX] Selector not found, skipping this action
[2026-04-16T11:53:53.947Z] [INFO] Logging in as karyawan
[2026-04-16T11:53:56.002Z] [ERROR] Login failed for karyawan
[2026-04-16T11:53:56.003Z] [FIX] Attempting to fix error: page.fill is not a function
[2026-04-16T11:53:56.695Z] [ACTIVITY] karyawan: Administrative support - {}
[2026-04-16T11:53:57.196Z] [SUCCESS] Day 2 simulation completed
[2026-04-16T11:53:59.212Z] [INFO] 
=== DAY 3 - 2026-04-19 ===
[2026-04-16T11:53:59.402Z] [INFO] Logging in as admin
[2026-04-16T11:54:00.149Z] [ERROR] Login failed for admin
[2026-04-16T11:54:00.154Z] [FIX] Attempting to fix error: Navigating frame was detached
[2026-04-16T11:54:00.161Z] [ERROR] Day 3 simulation failed
[2026-04-16T11:54:00.166Z] [ERROR] Simulation failed
[2026-04-16T11:54:41.630Z] [INFO] Starting Kewer 3-Month Day-by-Day Simulation
[2026-04-16T11:54:41.636Z] [INFO] Configuration: 90 days, 2000ms per day
[2026-04-16T11:54:41.637Z] [INFO] Estimated total time: 3.00 minutes
[2026-04-16T11:54:42.754Z] [INFO] 
=== DAY 1 - 2026-04-17 ===
[2026-04-16T11:54:43.179Z] [INFO] Logging in as admin
[2026-04-16T11:54:55.127Z] [ERROR] Login failed for admin
[2026-04-16T11:54:55.128Z] [FIX] Attempting to fix error: Navigation timeout of 10000 ms exceeded
[2026-04-16T11:54:55.129Z] [FIX] Increasing timeout duration
[2026-04-16T11:55:00.131Z] [INFO] Logging in as admin
[2026-04-16T11:55:01.247Z] [ERROR] Login failed for admin
[2026-04-16T11:55:01.248Z] [FIX] Attempting to fix error: No element found for selector: input[name="username"]
[2026-04-16T11:55:01.249Z] [FIX] Selector not found, skipping this action
[2026-04-16T11:55:01.834Z] [ACTIVITY] admin: Daily operational review - {}
[2026-04-16T11:55:02.335Z] [INFO] Logging in as manager
[2026-04-16T11:55:03.272Z] [ERROR] Login failed for manager
[2026-04-16T11:55:03.273Z] [FIX] Attempting to fix error: No element found for selector: input[name="username"]
[2026-04-16T11:55:03.274Z] [FIX] Selector not found, skipping this action
[2026-04-16T11:55:03.872Z] [ACTIVITY] manager: Cash reconciliation - {"kasFisik":10000000}
[2026-04-16T11:55:35.919Z] [ERROR] Cash reconciliation failed
[2026-04-16T11:55:35.919Z] [FIX] Attempting to fix error: Navigation timeout of 30000 ms exceeded
[2026-04-16T11:55:35.920Z] [FIX] Increasing timeout duration
[2026-04-16T11:55:40.924Z] [ACTIVITY] manager: Cash reconciliation - {"kasFisik":10000000}
[2026-04-16T11:56:11.873Z] [ERROR] Cash reconciliation failed
[2026-04-16T11:56:11.874Z] [FIX] Attempting to fix error: Navigation timeout of 30000 ms exceeded
[2026-04-16T11:56:11.874Z] [FIX] Increasing timeout duration
[2026-04-16T11:56:16.880Z] [ACTIVITY] manager: Cash reconciliation - {"kasFisik":10000000}
[2026-04-16T11:56:47.501Z] [ERROR] Cash reconciliation failed
[2026-04-16T11:56:47.502Z] [FIX] Attempting to fix error: Navigation timeout of 30000 ms exceeded
[2026-04-16T11:56:47.502Z] [FIX] Increasing timeout duration
[2026-04-16T11:56:52.507Z] [ACTIVITY] manager: Cash reconciliation - {"kasFisik":10000000}
[2026-04-16T11:57:23.549Z] [ERROR] Cash reconciliation failed
[2026-04-16T11:57:23.549Z] [FIX] Attempting to fix error: Navigation timeout of 30000 ms exceeded
[2026-04-16T11:57:23.549Z] [FIX] Increasing timeout duration
[2026-04-16T11:57:28.550Z] [ACTIVITY] manager: Cash reconciliation - {"kasFisik":10000000}
[2026-04-16T11:57:38.636Z] [ERROR] Cash reconciliation failed
[2026-04-16T11:57:38.637Z] [FIX] Attempting to fix error: Navigating frame was detached
[2026-04-16T11:57:39.139Z] [INFO] Logging in as petugas
[2026-04-16T11:57:39.140Z] [ERROR] Login failed for petugas
[2026-04-16T11:57:39.140Z] [FIX] Attempting to fix error: Attempted to use detached Frame 'EA79A4EB7BD1F2E70961931206E47994'.
[2026-04-16T11:57:39.141Z] [ERROR] Day 1 simulation failed
[2026-04-16T11:57:39.145Z] [ERROR] Simulation failed
[2026-04-16T11:58:10.753Z] [INFO] Starting Kewer 3-Month Day-by-Day Simulation
[2026-04-16T11:58:10.757Z] [INFO] Configuration: 90 days, 2000ms per day
[2026-04-16T11:58:10.757Z] [INFO] Estimated total time: 3.00 minutes
[2026-04-16T11:58:12.415Z] [INFO] 
=== DAY 1 - 2026-04-17 ===
[2026-04-16T11:58:12.589Z] [INFO] Logging in as admin
[2026-04-16T11:58:24.345Z] [ERROR] Login failed for admin
[2026-04-16T11:58:24.346Z] [FIX] Attempting to fix error: Navigation timeout of 10000 ms exceeded
[2026-04-16T11:58:24.347Z] [FIX] Increasing timeout duration
[2026-04-16T11:58:29.349Z] [INFO] Logging in as admin
[2026-04-16T11:58:30.450Z] [ERROR] Login failed for admin
[2026-04-16T11:58:30.452Z] [FIX] Attempting to fix error: No element found for selector: input[name="username"]
[2026-04-16T11:58:30.457Z] [FIX] Selector not found, skipping this action
[2026-04-16T11:58:31.068Z] [ACTIVITY] admin: Daily operational review - {}
[2026-04-16T11:58:31.569Z] [INFO] Logging in as manager
[2026-04-16T11:58:32.476Z] [ERROR] Login failed for manager
[2026-04-16T11:58:32.477Z] [FIX] Attempting to fix error: No element found for selector: input[name="username"]
[2026-04-16T11:58:32.477Z] [FIX] Selector not found, skipping this action
[2026-04-16T11:58:33.044Z] [ACTIVITY] manager: Cash reconciliation - {"kasFisik":10000000}
[2026-04-16T11:58:51.223Z] [ERROR] Cash reconciliation failed
[2026-04-16T11:58:51.224Z] [FIX] Attempting to fix error: Navigating frame was detached
[2026-04-16T11:58:51.725Z] [INFO] Logging in as petugas
[2026-04-16T11:58:51.726Z] [ERROR] Login failed for petugas
[2026-04-16T11:58:51.726Z] [FIX] Attempting to fix error: Attempted to use detached Frame '0063D40B94D5E75EFBBDA9D895A7F909'.
[2026-04-16T11:58:51.727Z] [ERROR] Day 1 simulation failed
[2026-04-16T11:58:51.729Z] [ERROR] Simulation failed
[2026-04-16T11:59:04.229Z] [INFO] Starting Kewer 3-Month Day-by-Day Simulation
[2026-04-16T11:59:04.234Z] [INFO] Configuration: 90 days, 2000ms per day
[2026-04-16T11:59:04.235Z] [INFO] Estimated total time: 3.00 minutes
[2026-04-16T11:59:05.504Z] [INFO] 
=== DAY 1 - 2026-04-17 ===
[2026-04-16T11:59:05.724Z] [INFO] Logging in as admin
[2026-04-16T11:59:08.593Z] [ACTIVITY] admin: Login successful - {}
[2026-04-16T11:59:09.182Z] [ACTIVITY] admin: Daily operational review - {}
[2026-04-16T11:59:09.683Z] [INFO] Logging in as manager
[2026-04-16T11:59:10.617Z] [ERROR] Login failed for manager
[2026-04-16T11:59:10.619Z] [FIX] Attempting to fix error: No element found for selector: input[name="username"]
[2026-04-16T11:59:10.619Z] [FIX] Selector not found, skipping this action
[2026-04-16T11:59:11.218Z] [ACTIVITY] manager: Cash reconciliation - {"kasFisik":10000000}
[2026-04-16T11:59:42.312Z] [ERROR] Cash reconciliation failed
[2026-04-16T11:59:42.313Z] [FIX] Attempting to fix error: Navigation timeout of 30000 ms exceeded
[2026-04-16T11:59:42.314Z] [FIX] Increasing timeout duration
[2026-04-16T11:59:47.318Z] [ACTIVITY] manager: Cash reconciliation - {"kasFisik":10000000}
[2026-04-16T12:00:17.974Z] [ERROR] Cash reconciliation failed
[2026-04-16T12:00:17.975Z] [FIX] Attempting to fix error: Navigation timeout of 30000 ms exceeded
[2026-04-16T12:00:17.975Z] [FIX] Increasing timeout duration
[2026-04-16T12:00:22.980Z] [ACTIVITY] manager: Cash reconciliation - {"kasFisik":10000000}
[2026-04-16T12:00:54.038Z] [ERROR] Cash reconciliation failed
[2026-04-16T12:00:54.038Z] [FIX] Attempting to fix error: Navigation timeout of 30000 ms exceeded
[2026-04-16T12:00:54.039Z] [FIX] Increasing timeout duration
[2026-04-16T12:00:59.043Z] [ACTIVITY] manager: Cash reconciliation - {"kasFisik":10000000}
[2026-04-16T12:01:30.101Z] [ERROR] Cash reconciliation failed
[2026-04-16T12:01:30.103Z] [FIX] Attempting to fix error: Navigation timeout of 30000 ms exceeded
[2026-04-16T12:01:30.103Z] [FIX] Increasing timeout duration
[2026-04-16T12:01:35.107Z] [ACTIVITY] manager: Cash reconciliation - {"kasFisik":10000000}
[2026-04-16T12:02:06.170Z] [ERROR] Cash reconciliation failed
[2026-04-16T12:02:06.171Z] [FIX] Attempting to fix error: Navigation timeout of 30000 ms exceeded
[2026-04-16T12:02:06.171Z] [FIX] Increasing timeout duration
[2026-04-16T12:02:11.177Z] [ACTIVITY] manager: Cash reconciliation - {"kasFisik":10000000}
[2026-04-16T12:02:42.257Z] [ERROR] Cash reconciliation failed
[2026-04-16T12:02:42.258Z] [FIX] Attempting to fix error: Navigation timeout of 30000 ms exceeded
[2026-04-16T12:02:42.258Z] [FIX] Increasing timeout duration
[2026-04-16T12:02:47.263Z] [ACTIVITY] manager: Cash reconciliation - {"kasFisik":10000000}
[2026-04-16T12:03:18.368Z] [ERROR] Cash reconciliation failed
[2026-04-16T12:03:18.368Z] [FIX] Attempting to fix error: Navigation timeout of 30000 ms exceeded
[2026-04-16T12:03:18.368Z] [FIX] Increasing timeout duration
[2026-04-16T12:03:23.373Z] [ACTIVITY] manager: Cash reconciliation - {"kasFisik":10000000}
[2026-04-16T12:03:54.430Z] [ERROR] Cash reconciliation failed
[2026-04-16T12:03:54.431Z] [FIX] Attempting to fix error: Navigation timeout of 30000 ms exceeded
[2026-04-16T12:03:54.431Z] [FIX] Increasing timeout duration
[2026-04-16T12:03:59.436Z] [ACTIVITY] manager: Cash reconciliation - {"kasFisik":10000000}
[2026-04-16T12:04:30.518Z] [ERROR] Cash reconciliation failed
[2026-04-16T12:04:30.519Z] [FIX] Attempting to fix error: Navigation timeout of 30000 ms exceeded
[2026-04-16T12:04:30.520Z] [FIX] Increasing timeout duration
[2026-04-16T12:04:35.525Z] [ACTIVITY] manager: Cash reconciliation - {"kasFisik":10000000}
